<?xml version="1.0" encoding="UTF-8"?>
<!-- Generated by org.testng.reporters.JUnitReportReporter -->
<testsuite hostname="LAPTOP-5Q4U2LTB" failures="0" tests="4" name="day1.HTTPRequests" time="3.584" errors="0" timestamp="2024-07-10T16:13:32 EDT" skipped="0">
  <testcase classname="day1.HTTPRequests" name="getUsers" time="2.364"/>
  <testcase classname="day1.HTTPRequests" name="createUser" time="0.610"/>
  <testcase classname="day1.HTTPRequests" name="updateUser" time="0.319"/>
  <testcase classname="day1.HTTPRequests" name="deleteUser" time="0.291"/>
</testsuite> <!-- day1.HTTPRequests -->
