<?xml version="1.0" encoding="UTF-8"?>
<!-- Generated by org.testng.reporters.JUnitReportReporter -->
<testsuite hostname="LAPTOP-5Q4U2LTB" failures="0" tests="1" name="day3.pathAndQueryParameters" time="1.742" errors="0" timestamp="2024-07-21T16:23:52 EDT" skipped="0">
  <testcase classname="day3.pathAndQueryParameters" name="testQueryAndPathParameters" time="1.742"/>
</testsuite> <!-- day3.pathAndQueryParameters -->
