<?xml version="1.0" encoding="UTF-8"?>
<!-- Generated by org.testng.reporters.JUnitReportReporter -->
<testsuite hostname="LAPTOP-5Q4U2LTB" failures="0" tests="1" name="day3.CookiesDemo" time="1.362" errors="0" timestamp="2024-07-21T17:31:39 EDT" skipped="0">
  <testcase classname="day3.CookiesDemo" name="getCookiesInfo" time="1.362"/>
</testsuite> <!-- day3.CookiesDemo -->
