<?xml version="1.0" encoding="UTF-8"?>
<!-- Generated by org.testng.reporters.JUnitReportReporter -->
<testsuite hostname="LAPTOP-5Q4U2LTB" failures="0" tests="1" name="day3.LoggingDemo" time="1.439" errors="0" timestamp="2024-07-21T19:00:47 EDT" skipped="0">
  <testcase classname="day3.LoggingDemo" name="testLogs" time="1.439"/>
</testsuite> <!-- day3.LoggingDemo -->
