<?xml version="1.0" encoding="UTF-8"?>
<!-- Generated by org.testng.reporters.JUnitReportReporter -->
<testsuite hostname="LAPTOP-5Q4U2LTB" failures="0" tests="1" name="day2.DiffWaysToCreatePostRequestBody" time="1.702" errors="0" timestamp="2024-07-19T13:49:41 EDT" skipped="0">
  <testcase classname="day2.DiffWaysToCreatePostRequestBody" name="testPostUsingTxternalJsonFile" time="1.702"/>
</testsuite> <!-- day2.DiffWaysToCreatePostRequestBody -->
