<?xml version="1.0" encoding="UTF-8"?>
<!-- Generated by org.testng.reporters.JUnitReportReporter -->
<testsuite hostname="LAPTOP-5Q4U2LTB" failures="0" tests="1" name="day3.HeadersDemo" time="1.454" errors="0" timestamp="2024-07-21T17:58:01 EDT" skipped="0">
  <testcase classname="day3.HeadersDemo" name="getHeaders" time="1.454"/>
</testsuite> <!-- day3.HeadersDemo -->
